Determining if the pthread_create exist failed with the following output:
Change Dir: /home/lucky/gym/blensor/pcd_viewer/CMakeFiles/CMakeTmp

Run Build Command:"/usr/bin/make" "cmTC_f18f4/fast"
/usr/bin/make -f CMakeFiles/cmTC_f18f4.dir/build.make CMakeFiles/cmTC_f18f4.dir/build
make[1]: Entering directory '/home/lucky/gym/blensor/pcd_viewer/CMakeFiles/CMakeTmp'
Building C object CMakeFiles/cmTC_f18f4.dir/CheckSymbolExists.c.o
/usr/bin/cc     -o CMakeFiles/cmTC_f18f4.dir/CheckSymbolExists.c.o   -c /home/lucky/gym/blensor/pcd_viewer/CMakeFiles/CMakeTmp/CheckSymbolExists.c
Linking C executable cmTC_f18f4
/usr/bin/cmake -E cmake_link_script CMakeFiles/cmTC_f18f4.dir/link.txt --verbose=1
/usr/bin/cc       CMakeFiles/cmTC_f18f4.dir/CheckSymbolExists.c.o  -o cmTC_f18f4 -rdynamic 
CMakeFiles/cmTC_f18f4.dir/CheckSymbolExists.c.o：在函数‘main’中：
CheckSymbolExists.c:(.text+0x16)：对‘pthread_create’未定义的引用
collect2: error: ld returned 1 exit status
CMakeFiles/cmTC_f18f4.dir/build.make:97: recipe for target 'cmTC_f18f4' failed
make[1]: *** [cmTC_f18f4] Error 1
make[1]: Leaving directory '/home/lucky/gym/blensor/pcd_viewer/CMakeFiles/CMakeTmp'
Makefile:126: recipe for target 'cmTC_f18f4/fast' failed
make: *** [cmTC_f18f4/fast] Error 2

File /home/lucky/gym/blensor/pcd_viewer/CMakeFiles/CMakeTmp/CheckSymbolExists.c:
/* */
#include <pthread.h>

int main(int argc, char** argv)
{
  (void)argv;
#ifndef pthread_create
  return ((int*)(&pthread_create))[argc];
#else
  (void)argc;
  return 0;
#endif
}

Determining if the function pthread_create exists in the pthreads failed with the following output:
Change Dir: /home/lucky/gym/blensor/pcd_viewer/CMakeFiles/CMakeTmp

Run Build Command:"/usr/bin/make" "cmTC_29a5e/fast"
/usr/bin/make -f CMakeFiles/cmTC_29a5e.dir/build.make CMakeFiles/cmTC_29a5e.dir/build
make[1]: Entering directory '/home/lucky/gym/blensor/pcd_viewer/CMakeFiles/CMakeTmp'
Building C object CMakeFiles/cmTC_29a5e.dir/CheckFunctionExists.c.o
/usr/bin/cc    -DCHECK_FUNCTION_EXISTS=pthread_create   -o CMakeFiles/cmTC_29a5e.dir/CheckFunctionExists.c.o   -c /usr/share/cmake-3.5/Modules/CheckFunctionExists.c
Linking C executable cmTC_29a5e
/usr/bin/cmake -E cmake_link_script CMakeFiles/cmTC_29a5e.dir/link.txt --verbose=1
/usr/bin/cc   -DCHECK_FUNCTION_EXISTS=pthread_create    CMakeFiles/cmTC_29a5e.dir/CheckFunctionExists.c.o  -o cmTC_29a5e -rdynamic -lpthreads 
/usr/bin/ld: 找不到 -lpthreads
collect2: error: ld returned 1 exit status
CMakeFiles/cmTC_29a5e.dir/build.make:97: recipe for target 'cmTC_29a5e' failed
make[1]: *** [cmTC_29a5e] Error 1
make[1]: Leaving directory '/home/lucky/gym/blensor/pcd_viewer/CMakeFiles/CMakeTmp'
Makefile:126: recipe for target 'cmTC_29a5e/fast' failed
make: *** [cmTC_29a5e/fast] Error 2


